# JRE version: OpenJDK Runtime Environment (8.0_76-b03) (build 1.8.0_76-release-b03)
# Java VM: OpenJDK 64-Bit Server VM (25.76-b03 mixed mode linux-amd64 compressed oops)
Heap:
 PSYoungGen      total 398848K, used 391110K [0x00000000e0000000, 0x0000000100000000, 0x0000000100000000)
  eden space 337920K, 97% used [0x00000000e0000000,0x00000000f4289ab8,0x00000000f4a00000)
  from space 60928K, 99% used [0x00000000f4a00000,0x00000000f8568058,0x00000000f8580000)
  to   space 98304K, 0% used [0x00000000fa000000,0x00000000fa000000,0x0000000100000000)
 ParOldGen       total 510976K, used 71915K [0x00000000a0000000, 0x00000000bf300000, 0x00000000e0000000)
  object space 510976K, 14% used [0x00000000a0000000,0x00000000a463ac30,0x00000000bf300000)
 Metaspace       used 91461K, capacity 97616K, committed 113408K, reserved 1146880K
  class space    used 11019K, capacity 11907K, committed 16128K, reserved 1048576K
GC Heap History (10 events):
Event: 8894.106 GC heap before
{Heap before GC invocations=229 (full 27):
 PSYoungGen      total 438272K, used 2365K [0x00000000e0000000, 0x0000000100000000, 0x0000000100000000)
  eden space 350720K, 0% used [0x00000000e0000000,0x00000000e0000000,0x00000000f5680000)
  from space 87552K, 2% used [0x00000000faa80000,0x00000000faccf5f8,0x0000000100000000)
  to   space 86016K, 0% used [0x00000000f5680000,0x00000000f5680000,0x00000000faa80000)
 ParOldGen       total 510976K, used 72336K [0x00000000a0000000, 0x00000000bf300000, 0x00000000e0000000)
  object space 510976K, 14% used [0x00000000a0000000,0x00000000a46a4068,0x00000000bf300000)
 Metaspace       used 92039K, capacity 98316K, committed 113408K, reserved 1146880K
  class space    used 11133K, capacity 12050K, committed 16128K, reserved 1048576K
Event: 8894.361 GC heap after
Heap after GC invocations=229 (full 27):
 PSYoungGen      total 438272K, used 0K [0x00000000e0000000, 0x0000000100000000, 0x0000000100000000)
  eden space 350720K, 0% used [0x00000000e0000000,0x00000000e0000000,0x00000000f5680000)
  from space 87552K, 0% used [0x00000000faa80000,0x00000000faa80000,0x0000000100000000)
  to   space 86016K, 0% used [0x00000000f5680000,0x00000000f5680000,0x00000000faa80000)
 ParOldGen       total 510976K, used 71698K [0x00000000a0000000, 0x00000000bf300000, 0x00000000e0000000)
  object space 510976K, 14% used [0x00000000a0000000,0x00000000a4604a50,0x00000000bf300000)
 Metaspace       used 80788K, capacity 86790K, committed 113408K, reserved 1146880K
  class space    used 9920K, capacity 10791K, committed 16128K, reserved 1048576K
}
Event: 9555.182 GC heap before
{Heap before GC invocations=230 (full 27):
 PSYoungGen      total 438272K, used 350720K [0x00000000e0000000, 0x0000000100000000, 0x0000000100000000)
  eden space 350720K, 100% used [0x00000000e0000000,0x00000000f5680000,0x00000000f5680000)
  from space 87552K, 0% used [0x00000000faa80000,0x00000000faa80000,0x0000000100000000)
  to   space 86016K, 0% used [0x00000000f5680000,0x00000000f5680000,0x00000000faa80000)
 ParOldGen       total 510976K, used 71698K [0x00000000a0000000, 0x00000000bf300000, 0x00000000e0000000)
  object space 510976K, 14% used [0x00000000a0000000,0x00000000a4604a50,0x00000000bf300000)
 Metaspace       used 91345K, capacity 97408K, committed 113408K, reserved 1146880K
  class space    used 11006K, capacity 11896K, committed 16128K, reserved 1048576K
Event: 9555.222 GC heap after
Heap after GC invocations=230 (full 27):
 PSYoungGen      total 414720K, used 63805K [0x00000000e0000000, 0x0000000100000000, 0x0000000100000000)
  eden space 350720K, 0% used [0x00000000e0000000,0x00000000e0000000,0x00000000f5680000)
  from space 64000K, 99% used [0x00000000f5680000,0x00000000f94cf440,0x00000000f9500000)
  to   space 94208K, 0% used [0x00000000fa400000,0x00000000fa400000,0x0000000100000000)
 ParOldGen       total 510976K, used 71706K [0x00000000a0000000, 0x00000000bf300000, 0x00000000e0000000)
  object space 510976K, 14% used [0x00000000a0000000,0x00000000a4606a50,0x00000000bf300000)
 Metaspace       used 91345K, capacity 97408K, committed 113408K, reserved 1146880K
  class space    used 11006K, capacity 11896K, committed 16128K, reserved 1048576K
}
Event: 9555.666 GC heap before
{Heap before GC invocations=231 (full 27):
 PSYoungGen      total 414720K, used 297099K [0x00000000e0000000, 0x0000000100000000, 0x0000000100000000)
  eden space 350720K, 66% used [0x00000000e0000000,0x00000000ee3d37c0,0x00000000f5680000)
  from space 64000K, 99% used [0x00000000f5680000,0x00000000f94cf440,0x00000000f9500000)
  to   space 94208K, 0% used [0x00000000fa400000,0x00000000fa400000,0x0000000100000000)
 ParOldGen       total 510976K, used 71706K [0x00000000a0000000, 0x00000000bf300000, 0x00000000e0000000)
  object space 510976K, 14% used [0x00000000a0000000,0x00000000a4606a50,0x00000000bf300000)
 Metaspace       used 91358K, capacity 97418K, committed 113408K, reserved 1146880K
  class space    used 11007K, capacity 11898K, committed 16128K, reserved 1048576K
Event: 9555.672 GC heap after
Heap after GC invocations=231 (full 27):
 PSYoungGen      total 432128K, used 2657K [0x00000000e0000000, 0x0000000100000000, 0x0000000100000000)
  eden space 337920K, 0% used [0x00000000e0000000,0x00000000e0000000,0x00000000f4a00000)
  from space 94208K, 2% used [0x00000000fa400000,0x00000000fa6987c0,0x0000000100000000)
  to   space 92160K, 0% used [0x00000000f4a00000,0x00000000f4a00000,0x00000000fa400000)
 ParOldGen       total 510976K, used 71714K [0x00000000a0000000, 0x00000000bf300000, 0x00000000e0000000)
  object space 510976K, 14% used [0x00000000a0000000,0x00000000a4608a50,0x00000000bf300000)
 Metaspace       used 91358K, capacity 97418K, committed 113408K, reserved 1146880K
  class space    used 11007K, capacity 11898K, committed 16128K, reserved 1048576K
}
Event: 9555.672 GC heap before
{Heap before GC invocations=232 (full 28):
 PSYoungGen      total 432128K, used 2657K [0x00000000e0000000, 0x0000000100000000, 0x0000000100000000)
  eden space 337920K, 0% used [0x00000000e0000000,0x00000000e0000000,0x00000000f4a00000)
  from space 94208K, 2% used [0x00000000fa400000,0x00000000fa6987c0,0x0000000100000000)
  to   space 92160K, 0% used [0x00000000f4a00000,0x00000000f4a00000,0x00000000fa400000)
 ParOldGen       total 510976K, used 71714K [0x00000000a0000000, 0x00000000bf300000, 0x00000000e0000000)
  object space 510976K, 14% used [0x00000000a0000000,0x00000000a4608a50,0x00000000bf300000)
 Metaspace       used 91358K, capacity 97418K, committed 113408K, reserved 1146880K
  class space    used 11007K, capacity 11898K, committed 16128K, reserved 1048576K
Event: 9555.945 GC heap after
Heap after GC invocations=232 (full 28):
 PSYoungGen      total 432128K, used 0K [0x00000000e0000000, 0x0000000100000000, 0x0000000100000000)
  eden space 337920K, 0% used [0x00000000e0000000,0x00000000e0000000,0x00000000f4a00000)
  from space 94208K, 0% used [0x00000000fa400000,0x00000000fa400000,0x0000000100000000)
  to   space 92160K, 0% used [0x00000000f4a00000,0x00000000f4a00000,0x00000000fa400000)
 ParOldGen       total 510976K, used 71907K [0x00000000a0000000, 0x00000000bf300000, 0x00000000e0000000)
  object space 510976K, 14% used [0x00000000a0000000,0x00000000a4638c30,0x00000000bf300000)
 Metaspace       used 80660K, capacity 86606K, committed 113408K, reserved 1146880K
  class space    used 9887K, capacity 10754K, committed 16128K, reserved 1048576K
}
Event: 9660.255 GC heap before
{Heap before GC invocations=233 (full 28):
 PSYoungGen      total 432128K, used 337920K [0x00000000e0000000, 0x0000000100000000, 0x0000000100000000)
  eden space 337920K, 100% used [0x00000000e0000000,0x00000000f4a00000,0x00000000f4a00000)
  from space 94208K, 0% used [0x00000000fa400000,0x00000000fa400000,0x0000000100000000)
  to   space 92160K, 0% used [0x00000000f4a00000,0x00000000f4a00000,0x00000000fa400000)
 ParOldGen       total 510976K, used 71907K [0x00000000a0000000, 0x00000000bf300000, 0x00000000e0000000)
  object space 510976K, 14% used [0x00000000a0000000,0x00000000a4638c30,0x00000000bf300000)
 Metaspace       used 91205K, capacity 97216K, committed 113408K, reserved 1146880K
  class space    used 10973K, capacity 11859K, committed 16128K, reserved 1048576K
Event: 9660.297 GC heap after
Heap after GC invocations=233 (full 28):
 PSYoungGen      total 398848K, used 60832K [0x00000000e0000000, 0x0000000100000000, 0x0000000100000000)
  eden space 337920K, 0% used [0x00000000e0000000,0x00000000e0000000,0x00000000f4a00000)
  from space 60928K, 99% used [0x00000000f4a00000,0x00000000f8568058,0x00000000f8580000)
  to   space 98304K, 0% used [0x00000000fa000000,0x00000000fa000000,0x0000000100000000)
 ParOldGen       total 510976K, used 71915K [0x00000000a0000000, 0x00000000bf300000, 0x00000000e0000000)
  object space 510976K, 14% used [0x00000000a0000000,0x00000000a463ac30,0x00000000bf300000)
 Metaspace       used 91205K, capacity 97216K, committed 113408K, reserved 1146880K
  class space    used 10973K, capacity 11859K, committed 16128K, reserved 1048576K
}

